<?xml version="1.0" encoding="UTF-8"?>
<!-- Generated by org.testng.reporters.JUnitReportReporter -->
<testsuite hostname="DESKTOP-EQ55Q8H" failures="0" tests="1" name="productionTestCases.TC_Login_001" time="0.883" errors="0" timestamp="2024-12-12T18:55:44 IST" skipped="0">
  <testcase classname="productionTestCases.TC_Login_001" name="loginTest" time="0.883"/>
</testsuite> <!-- productionTestCases.TC_Login_001 -->
