<?xml version="1.0" encoding="UTF-8"?>
<!-- Generated by org.testng.reporters.JUnitReportReporter -->
<testsuite hostname="DESKTOP-EQ55Q8H" failures="0" tests="1" name="easyStockTestCases.TC_ConfigWarehouse_001" time="61.429" errors="0" timestamp="2025-01-10T17:19:39 IST" skipped="0">
  <testcase classname="easyStockTestCases.TC_ConfigWarehouse_001" name="Configure" time="61.429"/>
</testsuite> <!-- easyStockTestCases.TC_ConfigWarehouse_001 -->
