<?xml version="1.0" encoding="UTF-8"?>
<!-- Generated by org.testng.reporters.JUnitReportReporter -->
<testsuite hostname="DESKTOP-EQ55Q8H" failures="0" tests="1" name="easyStockTestCases.TC_subscriptionAddon_001" time="38.759" errors="0" timestamp="2025-01-10T17:23:34 IST" skipped="0">
  <testcase classname="easyStockTestCases.TC_subscriptionAddon_001" name="Addon" time="38.759"/>
</testsuite> <!-- easyStockTestCases.TC_subscriptionAddon_001 -->
