<?xml version="1.0" encoding="UTF-8"?>
<!-- Generated by org.testng.reporters.JUnitReportReporter -->
<testsuite hostname="DESKTOP-EQ55Q8H" failures="0" tests="1" name="easyStockTestCases.TC_CreateBrach_001" time="23.558" errors="0" timestamp="2025-01-10T13:08:43 IST" skipped="0">
  <testcase classname="easyStockTestCases.TC_CreateBrach_001" name="CreateBranchTest" time="23.558"/>
</testsuite> <!-- easyStockTestCases.TC_CreateBrach_001 -->
