<?xml version="1.0" encoding="UTF-8"?>
<!-- Generated by org.testng.reporters.JUnitReportReporter -->
<testsuite hostname="DESKTOP-EQ55Q8H" failures="0" tests="1" name="easyStockTestCases.TC_User_001" time="89.732" errors="0" timestamp="2025-01-10T17:03:40 IST" skipped="0">
  <testcase classname="easyStockTestCases.TC_User_001" name="createUser" time="89.732"/>
</testsuite> <!-- easyStockTestCases.TC_User_001 -->
