<?xml version="1.0" encoding="UTF-8"?>
<!-- Generated by org.testng.reporters.JUnitReportReporter -->
<testsuite hostname="DESKTOP-EQ55Q8H" failures="0" tests="1" name="MobileTest.AppiumBasics" time="74.126" errors="0" timestamp="2024-12-20T15:19:57 IST" skipped="0">
  <testcase classname="MobileTest.AppiumBasics" name="AppiumTest" time="74.126"/>
</testsuite> <!-- MobileTest.AppiumBasics -->
