<?xml version="1.0" encoding="UTF-8"?>
<!-- Generated by org.testng.reporters.JUnitReportReporter -->
<testsuite hostname="DESKTOP-EQ55Q8H" failures="0" tests="5" name="easyStockTestCases.TC_Upload_002" time="125.449" errors="0" timestamp="2025-01-11T15:56:19 IST" skipped="1">
  <testcase classname="easyStockTestCases.TC_Upload_002" name="uploadExistingWarehouse" time="37.938"/>
  <testcase classname="easyStockTestCases.TC_Upload_002" name="uploadItems" time="30.254"/>
  <testcase classname="easyStockTestCases.TC_Upload_002" name="uploadOpeningStock" time="29.491"/>
  <testcase classname="easyStockTestCases.TC_Upload_002" name="uploadClosingStock" time="27.766"/>
  <testcase classname="easyStockTestCases.TC_Upload_002" name="uploadNewWarehouse">
    <skipped/>
  </testcase> <!-- uploadNewWarehouse -->
</testsuite> <!-- easyStockTestCases.TC_Upload_002 -->
