<?xml version="1.0" encoding="UTF-8"?>
<!-- Generated by org.testng.reporters.JUnitReportReporter -->
<testsuite hostname="DESKTOP-EQ55Q8H" failures="0" tests="1" name="easyStockTestCases.TC_Login_001" time="21.302" errors="0" timestamp="2025-01-10T15:59:52 IST" skipped="0">
  <testcase classname="easyStockTestCases.TC_Login_001" name="loginTest" time="21.302"/>
</testsuite> <!-- easyStockTestCases.TC_Login_001 -->
