<?xml version="1.0" encoding="UTF-8"?>
<!-- Generated by org.testng.reporters.JUnitReportReporter -->
<testsuite hostname="DESKTOP-EQ55Q8H" failures="0" tests="5" name="easyStockTestCases.TC_LoginDDT_001" time="63.013" errors="0" timestamp="2025-01-10T18:31:51 IST" skipped="0">
  <testcase classname="easyStockTestCases.TC_LoginDDT_001" name="loginDDT" time="22.956"/>
  <testcase classname="easyStockTestCases.TC_LoginDDT_001" name="loginDDT" time="10.939"/>
  <testcase classname="easyStockTestCases.TC_LoginDDT_001" name="loginDDT" time="11.222"/>
  <testcase classname="easyStockTestCases.TC_LoginDDT_001" name="loginDDT" time="8.103"/>
  <testcase classname="easyStockTestCases.TC_LoginDDT_001" name="loginDDT" time="9.793"/>
</testsuite> <!-- easyStockTestCases.TC_LoginDDT_001 -->
